<?xml version="1.0" encoding="UTF-8"?>
<testng-results ignored="0" total="1" passed="1" failed="0" skipped="0">
  <reporter-output>
  </reporter-output>
  <suite started-at="2021-10-03T18:07:19 IST" name="Default suite" finished-at="2021-10-03T18:07:21 IST" duration-ms="2805">
    <groups>
    </groups>
    <test started-at="2021-10-03T18:07:19 IST" name="Default test" finished-at="2021-10-03T18:07:21 IST" duration-ms="2805">
      <class name="org.POJORequests.POJO_Array_Complex_PostRequestTest">
        <test-method signature="POJOArrayComplexPostRequestTest()[pri:0, instance:org.POJORequests.POJO_Array_Complex_PostRequestTest@3f6b0be5]" started-at="2021-10-03T18:07:19 IST" name="POJOArrayComplexPostRequestTest" finished-at="2021-10-03T18:07:21 IST" duration-ms="2734" status="PASS">
          <reporter-output>
          </reporter-output>
        </test-method> <!-- POJOArrayComplexPostRequestTest -->
      </class> <!-- org.POJORequests.POJO_Array_Complex_PostRequestTest -->
    </test> <!-- Default test -->
  </suite> <!-- Default suite -->
</testng-results>
