<?xml version="1.0" encoding="UTF-8"?>
<testng-results ignored="0" total="1" passed="1" failed="0" skipped="0">
  <reporter-output>
  </reporter-output>
  <suite started-at="2021-10-03T18:32:46 IST" name="Default suite" finished-at="2021-10-03T18:32:48 IST" duration-ms="2296">
    <groups>
    </groups>
    <test started-at="2021-10-03T18:32:46 IST" name="Default test" finished-at="2021-10-03T18:32:48 IST" duration-ms="2296">
      <class name="org.RestAssuredTests.NewTest">
        <test-method signature="FirstRestAssuredTest()[pri:0, instance:org.RestAssuredTests.NewTest@35aea049]" started-at="2021-10-03T18:32:46 IST" name="FirstRestAssuredTest" finished-at="2021-10-03T18:32:48 IST" duration-ms="2229" status="PASS">
          <reporter-output>
          </reporter-output>
        </test-method> <!-- FirstRestAssuredTest -->
      </class> <!-- org.RestAssuredTests.NewTest -->
    </test> <!-- Default test -->
  </suite> <!-- Default suite -->
</testng-results>
